

Microchip Technology PIC Macro Assembler V1.37 build -256452561 
                                                                                                           Wed May 31 15:49:19 2017


     1                           	processor	16LF18346
     2                           	opt	pw 132
     3                           	psect	mytext,local,reloc=2,class=STRING,delta=2
     4  0000                     stk_offset	set	0
     5  0000                     auto_size	set	0
     6                           
     7                           ; stack_auto defines a symbol /name/_offset which equates to the
     8                           ; stack offset of the auto object in question
     9  0000                     
    10                           ; stack_param defines a symbol /name/_offset which equates to the
    11                           ; stack offset of the parameter object in question
    12  0000                     
    13                           ; alloc_stack adjusts the SP to allocate space for auto objects
    14                           ; it also links in to the btemp symbol so that can be used
    15  0000                     
    16                           ; restore_stack adjusts the SP to remove all auto and parameter
    17                           ; objects from the stack prior to returning from a function
    18  0000                     	;CODE;STRING;reloc=2;EEDATA
    19                           
    20                           	psect	mytext
    21  2026                     _fw_content_T:	
    22                           ;GLOBAL _addTest ; make _add globally accessible
    23                           ;SIGNAT _addTest,4217 ; tell the linker how it should be called
    24                           ; everything following will be placed into the mytext psect
    25                           ; our routine to add to ints and return the result
    26                           ;ORG 50h
    27                           
    28  2026  1234 4321 2234 3234 	dw	4660,17185,8756,12852
    29                           
    30                           ;TABLE: DW 12H;RETLW 41H
    31                           ;_fw_content_T_ DW 1234h,2,3,4
    32                           ;_addTest:
    33                           ;TABLE1: DB 12H
    34                           ; W is loaded by the calling function;
    35                           ;BANKSEL (PORTB) ; select the bank of this object
    36                           ;ADDWF ((PORTB) and 07Fh),w ; add parameter to port
    37                           ;MOVWF ((PORTB) and 07Fh),w ; add parameter to port
    38                           ;MOVLW 50H
    39 ;;;;;;;;;;;;;;;;;;;;;;;;;;;;;;;;;;;;;;;;;;;
    40                           ;BANKSEL NVMADRL ; Select Bank for NVMCON registers
    41                           ;MOVLW 11H ;
    42                           ;MOVWF NVMADRL ; Store LSB of address
    43                           ;MOVLW 25H ;
    44                           ;MOVWF NVMADRH ; Store MSB of address
    45                           ;BCF NVMCON1,1 ; Do not select Configuration Space
    46                           ;BSF NVMCON1,1 ; Initiate read
    47                           ;MOVF NVMDATL,W ; Get LSB of word
    48                           ;MOVWF PROG_DATA_LO ; Store in user location
    49                           ;MOVF NVMDATH,W ; Get MSB of word
    50                           ;MOVWF PROG_DATA_HI ; Store in user location
    51 ;;;;;;;;;;;;;;;;;;;;;;;;;;;;;;;;;;;;;;;;;;;;
    52                           ;BANKSEL NVMADRH
    53                           ;MOVLW 11H
    54                           ;MOVWF FSR0L
    55                           ;MOVLW 25H
    56                           ;MOVWF FSR0H
    57                           ;MOVFW foobar;
    58                           ;MOVWI [6]FSR0
    59                           ;MOVIW [6]FSR0
    60                           ;MOVF w,FSR0
    61                           ;MOVWF ADDFSR,w
    62                           ;TABLE RETLW 50h
    63                           ;TABLE1 DW 1234h,2,3,4
    64                           ; the result is already in the required location (W)so we can
    65                           ; just return immediately
    66  202A  0008               	return


Microchip Technology PIC Macro Assembler V1.37 build -256452561 
Symbol Table                                                                                               Wed May 31 15:49:19 2017

                   _fw_content_T 2026  
